<?xml version="1.0" encoding="UTF-8"?>
<testsuite xmlns:xsi="http://www.w3.org/2001/XMLSchema-instance" xsi:noNamespaceSchemaLocation="https://maven.apache.org/surefire/maven-surefire-plugin/xsd/surefire-test-report.xsd" name="com.mediscreen.front.controller.PatientControllerTest" time="0.156" tests="9" errors="0" skipped="0" failures="0">
  <properties>
[...]
</properties>
  <testcase name="testRedirectToPatient" classname="com.mediscreen.front.controller.PatientControllerTest" time="0.067"/>
  <testcase name="testGetPatientsOver30" classname="com.mediscreen.front.controller.PatientControllerTest" time="0.015"/>
  <testcase name="testGetPatientsByGender" classname="com.mediscreen.front.controller.PatientControllerTest" time="0.009"/>
  <testcase name="testSavePatientUri" classname="com.mediscreen.front.controller.PatientControllerTest" time="0.009"/>
  <testcase name="testSavePatient" classname="com.mediscreen.front.controller.PatientControllerTest" time="0.004"/>
  <testcase name="testGetAllPatients" classname="com.mediscreen.front.controller.PatientControllerTest" time="0.008"/>
  <testcase name="testShowUpdateForm" classname="com.mediscreen.front.controller.PatientControllerTest" time="0.014"/>
  <testcase name="testDeletePatient" classname="com.mediscreen.front.controller.PatientControllerTest" time="0.005"/>
  <testcase name="testShowCreateForm" classname="com.mediscreen.front.controller.PatientControllerTest" time="0.013"/>
</testsuite>